<?xml version="1.0" encoding="UTF-8"?>
<!-- Generated by org.testng.reporters.JUnitXMLReporter -->
<testsuite ignored="0" hostname="DESKTOP-JDQLD7V" failures="0" tests="1" name="Forgetpassword" time="1.649" errors="0" timestamp="2023-12-06T11:58:33 IST">
  <testcase classname="TestClass.Forgetpass_feature" name="@BeforeClass launchbrowser" time="1.542">
    <failure type="org.openqa.selenium.remote.http.ConnectionFailedException" message="Unable to establish websocket connection to http://localhost:55688/devtools/browser/ab7056a9-4a73-4d15-9179-eb1f8d3775c2
Build info: version: &amp;apos;4.2.2&amp;apos;, revision: &amp;apos;683ccb65d6&amp;apos;
System info: host: &amp;apos;DESKTOP-JDQLD7V&amp;apos;, ip: &amp;apos;192.168.161.198&amp;apos;, os.name: &amp;apos;Windows 10&amp;apos;, os.arch: &amp;apos;amd64&amp;apos;, os.version: &amp;apos;10.0&amp;apos;, java.version: &amp;apos;18.0.2.1&amp;apos;
Driver info: driver.version: ChromeDriver">
      <![CDATA[org.openqa.selenium.remote.http.ConnectionFailedException: Unable to establish websocket connection to http://localhost:55688/devtools/browser/ab7056a9-4a73-4d15-9179-eb1f8d3775c2
Build info: version: '4.2.2', revision: '683ccb65d6'
System info: host: 'DESKTOP-JDQLD7V', ip: '192.168.161.198', os.name: 'Windows 10', os.arch: 'amd64', os.version: '10.0', java.version: '18.0.2.1'
Driver info: driver.version: ChromeDriver
at org.openqa.selenium.remote.http.netty.NettyWebSocket.<init>(NettyWebSocket.java:102)
at org.openqa.selenium.remote.http.netty.NettyWebSocket.lambda$create$3(NettyWebSocket.java:128)
at org.openqa.selenium.remote.http.netty.NettyClient.openSocket(NettyClient.java:106)
at org.openqa.selenium.devtools.Connection.<init>(Connection.java:77)
at org.openqa.selenium.chromium.ChromiumDriver.lambda$new$2(ChromiumDriver.java:122)
at java.base/java.util.Optional.map(Optional.java:260)
at org.openqa.selenium.chromium.ChromiumDriver.<init>(ChromiumDriver.java:120)
at org.openqa.selenium.chrome.ChromeDriver.<init>(ChromeDriver.java:106)
at org.openqa.selenium.chrome.ChromeDriver.<init>(ChromeDriver.java:93)
at org.openqa.selenium.chrome.ChromeDriver.<init>(ChromeDriver.java:48)
at generic.BaseLib.initailizbrowser(BaseLib.java:17)
at TestClass.Forgetpass_feature.launchbrowser(Forgetpass_feature.java:42)
at java.base/java.util.ArrayList.forEach(ArrayList.java:1511)
... Removed 23 stack frames]]>
    </failure>
  </testcase> <!-- @BeforeClass launchbrowser -->
  <testcase classname="TestClass.Forgetpass_feature" name="@BeforeMethod initialize" time="-1.701844113427E9">
    <skipped/>
  </testcase> <!-- @BeforeMethod initialize -->
  <testcase classname="TestClass.Forgetpass_feature" name="@AfterMethod finish" time="-1.701844113446E9">
    <skipped/>
  </testcase> <!-- @AfterMethod finish -->
  <testcase classname="TestClass.Forgetpass_feature" name="verifyForgetpassLink" time="0.0">
    <skipped/>
  </testcase> <!-- verifyForgetpassLink -->
</testsuite> <!-- Forgetpassword -->
